This file contains any messages produced by compilers while
running configure, to aid debugging if configure makes a mistake.

It was created by tush_cbits configure 1.0, which was
generated by GNU Autoconf 2.69.  Invocation command line was

  $ ./configure --with-compiler=ghc --bindir=/home/matt/src/tush/.stack-work/install/x86_64-linux-nopie/lts-8.5/8.0.2/bin --libdir=/home/matt/src/tush/.stack-work/install/x86_64-linux-nopie/lts-8.5/8.0.2/lib --libexecdir=/home/matt/src/tush/.stack-work/install/x86_64-linux-nopie/lts-8.5/8.0.2/libexec --datadir=/home/matt/src/tush/.stack-work/install/x86_64-linux-nopie/lts-8.5/8.0.2/share --sysconfdir=/home/matt/src/tush/.stack-work/install/x86_64-linux-nopie/lts-8.5/8.0.2/etc CC=/usr/bin/gcc

## --------- ##
## Platform. ##
## --------- ##

hostname = walkerface
uname -m = x86_64
uname -r = 4.10.0-28-generic
uname -s = Linux
uname -v = #32-Ubuntu SMP Fri Jun 30 05:32:18 UTC 2017

/usr/bin/uname -p = unknown
/bin/uname -X     = unknown

/bin/arch              = unknown
/usr/bin/arch -k       = unknown
/usr/convex/getsysinfo = unknown
/usr/bin/hostinfo      = unknown
/bin/machine           = unknown
/usr/bin/oslevel       = unknown
/bin/universe          = unknown

PATH: /home/matt/src/tush/.stack-work/install/x86_64-linux-nopie/lts-8.5/8.0.2/bin
PATH: /home/matt/.stack/snapshots/x86_64-linux-nopie/lts-8.5/8.0.2/bin
PATH: /home/matt/.stack/programs/x86_64-linux/ghc-nopie-8.0.2/bin
PATH: /usr/lib/llvm-4.0/bin
PATH: /opt/ghc/8.2.1/bin
PATH: /home/matt/.local/bin
PATH: /sbin
PATH: /home/matt/.system/bin
PATH: /usr/local/sbin
PATH: /usr/local/bin
PATH: /usr/sbin
PATH: /usr/bin
PATH: /sbin
PATH: /bin
PATH: /usr/games
PATH: /usr/local/games
PATH: /snap/bin


## ----------- ##
## Core tests. ##
## ----------- ##

configure:1738: Hello, World!  I'm now going to try to compile the cbits for tush!
configure:1795: checking for gcc
configure:1822: result: /usr/bin/gcc
configure:2051: checking for C compiler version
configure:2060: /usr/bin/gcc --version >&5
gcc (Ubuntu 6.3.0-12ubuntu2) 6.3.0 20170406
Copyright (C) 2016 Free Software Foundation, Inc.
This is free software; see the source for copying conditions.  There is NO
warranty; not even for MERCHANTABILITY or FITNESS FOR A PARTICULAR PURPOSE.

configure:2071: $? = 0
configure:2060: /usr/bin/gcc -v >&5
Using built-in specs.
COLLECT_GCC=/usr/bin/gcc
COLLECT_LTO_WRAPPER=/usr/lib/gcc/x86_64-linux-gnu/6/lto-wrapper
Target: x86_64-linux-gnu
Configured with: ../src/configure -v --with-pkgversion='Ubuntu 6.3.0-12ubuntu2' --with-bugurl=file:///usr/share/doc/gcc-6/README.Bugs --enable-languages=c,ada,c++,java,go,d,fortran,objc,obj-c++ --prefix=/usr --program-suffix=-6 --program-prefix=x86_64-linux-gnu- --enable-shared --enable-linker-build-id --libexecdir=/usr/lib --without-included-gettext --enable-threads=posix --libdir=/usr/lib --enable-nls --with-sysroot=/ --enable-clocale=gnu --enable-libstdcxx-debug --enable-libstdcxx-time=yes --with-default-libstdcxx-abi=new --enable-gnu-unique-object --disable-vtable-verify --enable-libmpx --enable-plugin --enable-default-pie --with-system-zlib --disable-browser-plugin --enable-java-awt=gtk --enable-gtk-cairo --with-java-home=/usr/lib/jvm/java-1.5.0-gcj-6-amd64/jre --enable-java-home --with-jvm-root-dir=/usr/lib/jvm/java-1.5.0-gcj-6-amd64 --with-jvm-jar-dir=/usr/lib/jvm-exports/java-1.5.0-gcj-6-amd64 --with-arch-directory=amd64 --with-ecj-jar=/usr/share/java/eclipse-ecj.jar --with-target-system-zlib --enable-objc-gc=auto --enable-multiarch --disable-werror --with-arch-32=i686 --with-abi=m64 --with-multilib-list=m32,m64,mx32 --enable-multilib --with-tune=generic --enable-checking=release --build=x86_64-linux-gnu --host=x86_64-linux-gnu --target=x86_64-linux-gnu
Thread model: posix
gcc version 6.3.0 20170406 (Ubuntu 6.3.0-12ubuntu2) 
configure:2071: $? = 0
configure:2060: /usr/bin/gcc -V >&5
gcc: error: unrecognized command line option '-V'
gcc: fatal error: no input files
compilation terminated.
configure:2071: $? = 1
configure:2060: /usr/bin/gcc -qversion >&5
gcc: error: unrecognized command line option '-qversion'; did you mean '--version'?
gcc: fatal error: no input files
compilation terminated.
configure:2071: $? = 1
configure:2091: checking whether the C compiler works
configure:2113: /usr/bin/gcc -fno-stack-protector   conftest.c  >&5
configure:2117: $? = 0
configure:2165: result: yes
configure:2168: checking for C compiler default output file name
configure:2170: result: a.out
configure:2176: checking for suffix of executables
configure:2183: /usr/bin/gcc -o conftest -fno-stack-protector   conftest.c  >&5
configure:2187: $? = 0
configure:2209: result: 
configure:2231: checking whether we are cross compiling
configure:2239: /usr/bin/gcc -o conftest -fno-stack-protector   conftest.c  >&5
configure:2243: $? = 0
configure:2250: ./conftest
configure:2254: $? = 0
configure:2269: result: no
configure:2274: checking for suffix of object files
configure:2296: /usr/bin/gcc -c -fno-stack-protector  conftest.c >&5
configure:2300: $? = 0
configure:2321: result: o
configure:2325: checking whether we are using the GNU C compiler
configure:2344: /usr/bin/gcc -c -fno-stack-protector  conftest.c >&5
configure:2344: $? = 0
configure:2353: result: yes
configure:2362: checking whether /usr/bin/gcc accepts -g
configure:2382: /usr/bin/gcc -c -g  conftest.c >&5
configure:2382: $? = 0
configure:2423: result: yes
configure:2440: checking for /usr/bin/gcc option to accept ISO C89
configure:2503: /usr/bin/gcc  -c -fno-stack-protector  conftest.c >&5
configure:2503: $? = 0
configure:2516: result: none needed
configure:2656: creating ./config.status

## ---------------------- ##
## Running config.status. ##
## ---------------------- ##

This file was extended by tush_cbits config.status 1.0, which was
generated by GNU Autoconf 2.69.  Invocation command line was

  CONFIG_FILES    = 
  CONFIG_HEADERS  = 
  CONFIG_LINKS    = 
  CONFIG_COMMANDS = 
  $ ./config.status 

on walkerface

config.status:785: creating Makefile
config.status:785: creating include/io.h
config.status:955: include/io.h is unchanged
configure:3810: WARNING: unrecognized options: --with-compiler

## ---------------- ##
## Cache variables. ##
## ---------------- ##

ac_cv_c_compiler_gnu=yes
ac_cv_env_CC_set=set
ac_cv_env_CC_value=/usr/bin/gcc
ac_cv_env_CFLAGS_set=set
ac_cv_env_CFLAGS_value=-fno-stack-protector
ac_cv_env_CPPFLAGS_set=
ac_cv_env_CPPFLAGS_value=
ac_cv_env_LDFLAGS_set=
ac_cv_env_LDFLAGS_value=
ac_cv_env_LIBS_set=
ac_cv_env_LIBS_value=
ac_cv_env_build_alias_set=
ac_cv_env_build_alias_value=
ac_cv_env_host_alias_set=
ac_cv_env_host_alias_value=
ac_cv_env_target_alias_set=
ac_cv_env_target_alias_value=
ac_cv_objext=o
ac_cv_prog_ac_ct_CC=/usr/bin/gcc
ac_cv_prog_cc_c89=
ac_cv_prog_cc_g=yes

## ----------------- ##
## Output variables. ##
## ----------------- ##

CC='/usr/bin/gcc'
CFLAGS='-fno-stack-protector'
CPPFLAGS=''
DEFS='-DHAVE_CONFIG_H'
ECHO_C=''
ECHO_N='-n'
ECHO_T=''
EXEEXT=''
LDFLAGS=''
LIBOBJS=''
LIBS=''
LTLIBOBJS=''
OBJEXT='o'
PACKAGE_BUGREPORT=''
PACKAGE_NAME='tush_cbits'
PACKAGE_STRING='tush_cbits 1.0'
PACKAGE_TARNAME='tush_cbits'
PACKAGE_URL=''
PACKAGE_VERSION='1.0'
PATH_SEPARATOR=':'
SHELL='/bin/bash'
ac_ct_CC='/usr/bin/gcc'
bindir='/home/matt/src/tush/.stack-work/install/x86_64-linux-nopie/lts-8.5/8.0.2/bin'
build_alias=''
datadir='/home/matt/src/tush/.stack-work/install/x86_64-linux-nopie/lts-8.5/8.0.2/share'
datarootdir='${prefix}/share'
docdir='${datarootdir}/doc/${PACKAGE_TARNAME}'
dvidir='${docdir}'
exec_prefix='${prefix}'
host_alias=''
htmldir='${docdir}'
includedir='${prefix}/include'
infodir='${datarootdir}/info'
libdir='/home/matt/src/tush/.stack-work/install/x86_64-linux-nopie/lts-8.5/8.0.2/lib'
libexecdir='/home/matt/src/tush/.stack-work/install/x86_64-linux-nopie/lts-8.5/8.0.2/libexec'
localedir='${datarootdir}/locale'
localstatedir='${prefix}/var'
mandir='${datarootdir}/man'
oldincludedir='/usr/include'
pdfdir='${docdir}'
prefix='/usr/local'
program_transform_name='s,x,x,'
psdir='${docdir}'
runstatedir='${localstatedir}/run'
sbindir='${exec_prefix}/sbin'
sharedstatedir='${prefix}/com'
sysconfdir='/home/matt/src/tush/.stack-work/install/x86_64-linux-nopie/lts-8.5/8.0.2/etc'
target_alias=''

## ----------- ##
## confdefs.h. ##
## ----------- ##

/* confdefs.h */
#define PACKAGE_NAME "tush_cbits"
#define PACKAGE_TARNAME "tush_cbits"
#define PACKAGE_VERSION "1.0"
#define PACKAGE_STRING "tush_cbits 1.0"
#define PACKAGE_BUGREPORT ""
#define PACKAGE_URL ""

configure: exit 0
